<?xml version="1.0" encoding="UTF-8"?>
<!-- Generated by org.testng.reporters.JUnitXMLReporter -->
<testsuite ignored="0" hostname="QT-INBG-LT1138" failures="0" tests="5" name="Test" time="24.732" errors="0" timestamp="2022-09-20T09:46:03 IST">
  <testcase classname="com.contact.contactus.SignUp" name="SignUp" time="6.2"/>
  <testcase classname="com.contact.contactus.SignIn" name="signin" time="4.674"/>
  <testcase classname="com.contact.contactus.SignIn" name="signin" time="4.722"/>
  <testcase classname="com.contact.contactus.ContactUs" name="contactus" time="3.809"/>
  <testcase classname="com.contact.contactus.ContactUs" name="contactus" time="5.255"/>
</testsuite> <!-- Test -->
