<?xml version="1.0" encoding="UTF-8"?>
<!-- Generated by org.testng.reporters.JUnitXMLReporter -->
<testsuite ignored="0" hostname="QT-INBG-LT1138" failures="0" tests="4" name="Test" time="25.907" errors="0" timestamp="2022-10-14T16:12:18 IST">
  <testcase classname="com.contact.contactus.SignUp" name="SignUp1" time="12.127"/>
  <testcase classname="com.contact.contactus.SignIn" name="signin" time="5.822"/>
  <testcase classname="com.contact.contactus.SignIn" name="signin" time="7.853"/>
  <testcase classname="com.contact.contactus.ContactUs" name="contactus" time="0.0">
    <skipped/>
  </testcase> <!-- contactus -->
</testsuite> <!-- Test -->
