<?xml version="1.0" encoding="UTF-8"?>
<testng-results ignored="0" total="2" passed="2" failed="0" skipped="0">
  <reporter-output>
  </reporter-output>
  <suite started-at="2022-10-17T15:07:46 IST" name="Default suite" finished-at="2022-10-17T15:08:05 IST" duration-ms="19041">
    <groups>
    </groups>
    <test started-at="2022-10-17T15:07:46 IST" name="Default test" finished-at="2022-10-17T15:08:05 IST" duration-ms="19041">
      <class name="com.contact.contactus.ContactUs">
        <test-method signature="contactus(java.lang.String,java.lang.String,java.lang.String,java.lang.String,java.lang.String)[pri:0, instance:com.contact.contactus.ContactUs@5acf93bb]" started-at="2022-10-17T15:07:46 IST" name="contactus" data-provider="contactus" finished-at="2022-10-17T15:07:57 IST" duration-ms="10978" status="PASS">
          <params>
            <param index="0">
              <value>
                <![CDATA[Pratiksha]]>
              </value>
            </param>
            <param index="1">
              <value>
                <![CDATA[pratiksha@gmail.com]]>
              </value>
            </param>
            <param index="2">
              <value>
                <![CDATA[6364062096]]>
              </value>
            </param>
            <param index="3">
              <value>
                <![CDATA[this is message]]>
              </value>
            </param>
            <param index="4">
              <value>
                <![CDATA[chrome]]>
              </value>
            </param>
          </params>
          <reporter-output>
          </reporter-output>
        </test-method> <!-- contactus -->
        <test-method signature="contactus(java.lang.String,java.lang.String,java.lang.String,java.lang.String,java.lang.String)[pri:0, instance:com.contact.contactus.ContactUs@5acf93bb]" started-at="2022-10-17T15:07:57 IST" name="contactus" data-provider="contactus" finished-at="2022-10-17T15:08:05 IST" duration-ms="8013" status="PASS">
          <params>
            <param index="0">
              <value>
                <![CDATA[pratiksha]]>
              </value>
            </param>
            <param index="1">
              <value>
                <![CDATA[pratiksha@gmail.com]]>
              </value>
            </param>
            <param index="2">
              <value>
                <![CDATA[8798899900007789333]]>
              </value>
            </param>
            <param index="3">
              <value>
                <![CDATA[this is message]]>
              </value>
            </param>
            <param index="4">
              <value>
                <![CDATA[edge]]>
              </value>
            </param>
          </params>
          <reporter-output>
          </reporter-output>
        </test-method> <!-- contactus -->
      </class> <!-- com.contact.contactus.ContactUs -->
    </test> <!-- Default test -->
  </suite> <!-- Default suite -->
</testng-results>
